
  .   ____          _            __ _ _
 /\\ / ___'_ __ _ _(_)_ __  __ _ \ \ \ \
( ( )\___ | '_ | '_| | '_ \/ _` | \ \ \ \
 \\/  ___)| |_)| | | | | || (_| |  ) ) ) )
  '  |____| .__|_| |_|_| |_\__, | / / / /
 =========|_|==============|___/=/_/_/_/
 :: Spring Boot ::        (v2.1.9.RELEASE)

2025-01-06 13:34:49.587  INFO 15512 --- [           main] t.c.h.winservice.JavatechieApplication   : Starting JavatechieApplication v0.0.1-SNAPSHOT on DESKTOP-13123BI with PID 15512 (C:\Users\Huseyin_Aydin\Desktop\spring-boot-java-techie\java-techie-kanalý\spring-boot-windows-service\target\winservice-application-up.jar started by DESKTOP-13123BI$ in C:\Users\Huseyin_Aydin\Desktop\spring-boot-java-techie\java-techie-kanalý\spring-boot-windows-service\target)
2025-01-06 13:34:49.592  INFO 15512 --- [           main] t.c.h.winservice.JavatechieApplication   : No active profile set, falling back to default profiles: default
2025-01-06 13:34:51.223  INFO 15512 --- [           main] o.s.b.w.embedded.tomcat.TomcatWebServer  : Tomcat initialized with port(s): 8080 (http)
2025-01-06 13:34:51.266  INFO 15512 --- [           main] o.apache.catalina.core.StandardService   : Starting service [Tomcat]
2025-01-06 13:34:51.267  INFO 15512 --- [           main] org.apache.catalina.core.StandardEngine  : Starting Servlet engine: [Apache Tomcat/9.0.26]
2025-01-06 13:34:51.420  INFO 15512 --- [           main] o.a.c.c.C.[Tomcat].[localhost].[/]       : Initializing Spring embedded WebApplicationContext
2025-01-06 13:34:51.420  INFO 15512 --- [           main] o.s.web.context.ContextLoader            : Root WebApplicationContext: initialization completed in 1752 ms
2025-01-06 13:34:51.856  INFO 15512 --- [           main] o.s.s.concurrent.ThreadPoolTaskExecutor  : Initializing ExecutorService 'applicationTaskExecutor'
2025-01-06 13:34:52.093  INFO 15512 --- [           main] o.s.s.c.ThreadPoolTaskScheduler          : Initializing ExecutorService 'taskScheduler'
Sistem tarih ve saati: Mon Jan 06 13:34:52 TRT 2025
2025-01-06 13:34:52.298  INFO 15512 --- [           main] o.s.b.w.embedded.tomcat.TomcatWebServer  : Tomcat started on port(s): 8080 (http) with context path ''
2025-01-06 13:34:52.302  INFO 15512 --- [           main] t.c.h.winservice.JavatechieApplication   : Started JavatechieApplication in 3.504 seconds (JVM running for 4.513)
2025-01-06 13:34:52.388  INFO 15512 --- [nio-8080-exec-1] o.a.c.c.C.[Tomcat].[localhost].[/]       : Initializing Spring DispatcherServlet 'dispatcherServlet'
2025-01-06 13:34:52.388  INFO 15512 --- [nio-8080-exec-1] o.s.web.servlet.DispatcherServlet        : Initializing Servlet 'dispatcherServlet'
2025-01-06 13:34:52.396  INFO 15512 --- [nio-8080-exec-1] o.s.web.servlet.DispatcherServlet        : Completed initialization in 8 ms
Sistem tarih ve saati: Mon Jan 06 13:34:57 TRT 2025
Sistem tarih ve saati: Mon Jan 06 13:35:02 TRT 2025
Sistem tarih ve saati: Mon Jan 06 13:35:07 TRT 2025
Sistem tarih ve saati: Mon Jan 06 13:35:12 TRT 2025
Sistem tarih ve saati: Mon Jan 06 13:35:17 TRT 2025
Sistem tarih ve saati: Mon Jan 06 13:35:22 TRT 2025
Sistem tarih ve saati: Mon Jan 06 13:35:27 TRT 2025
Sistem tarih ve saati: Mon Jan 06 13:35:32 TRT 2025
Sistem tarih ve saati: Mon Jan 06 13:35:37 TRT 2025
Sistem tarih ve saati: Mon Jan 06 13:35:42 TRT 2025
Sistem tarih ve saati: Mon Jan 06 13:35:47 TRT 2025
Sistem tarih ve saati: Mon Jan 06 13:35:52 TRT 2025
Sistem tarih ve saati: Mon Jan 06 13:35:57 TRT 2025
Sistem tarih ve saati: Mon Jan 06 13:36:02 TRT 2025
